▶️  the ------------------------------------------------------------
{'dump': False, 'go': 'all', 'seed': 937162211, 'bins': 16, 'cliffs': 0.147, 'file': '../../etc/data/auto93.csv', 'Far': 0.95, 'help': False, 'Halves': 512, 'min': 0.5, 'Max': 512, 'p': 2, 'rest': 4, 'Reuse': True}
✅ pass:         the
▶️  rand ------------------------------------------------------------
✅ pass:         rand
▶️  some ------------------------------------------------------------
{1: 1, 2: 2, 3: 3, 4: 4, 5: 5, 6: 6, 7: 7, 8: 8, 9: 9, 10: 10, 11: 11, 12: 12, 13: 13, 14: 14, 15: 15, 16: 16, 17: 17, 18: 18, 19: 19, 20: 20, 21: 21, 22: 22, 23: 23, 24: 24, 25: 25, 26: 26, 27: 27, 28: 28, 29: 29, 30: 30, 31: 31, 32: 32}
✅ pass:         some
▶️  nums ------------------------------------------------------------
1 0.5 0.3
2 0.3 0.3
✅ pass:         nums
▶️  syms ------------------------------------------------------------
a 1.3787834934861756
✅ pass:         syms
▶️  csv ------------------------------------------------------------
✅ pass:         csv
▶️  data ------------------------------------------------------------
68 455 193.42587939698493 104.269838171196
{'Lbs-': 2970.42, 'Acc+': 15.57, 'Mpg+': 23.84}
✅ pass:         data
▶️  clone ------------------------------------------------------------
{'Lbs-': 2970.42, 'Acc+': 15.57, 'Mpg+': 23.84}
{'Lbs-': 2970.42, 'Acc+': 15.57, 'Mpg+': 23.84}
✅ pass:         clone
▶️  cliffs ------------------------------------------------------------
> 1.0 False
> 1.025 False
> 1.051 False
> 1.077 False
> 1.104 False
> 1.131 False
> 1.16 False
> 1.189 False
> 1.218 True
✅ pass:         cliffs
▶️  dist ------------------------------------------------------------
{'lo': 0.0, 'hi': 0.9022161422721422, 'mid': 0.52, 'div': 0.26}
✅ pass:         dist
▶️  half ------------------------------------------------------------
199 199
[8, 360, 215, 4615, 14, 70, 1, 10] 0.9022161422721422
[4, 97, 54, 2254, 23.5, 72, 2, 20]
[3, 70, 100, 2420, 12.5, 80, 3, 20]
l {'Lbs-': 3602.75, 'Acc+': 14.64, 'Mpg+': 17.34}
r {'Lbs-': 2338.1, 'Acc+': 16.5, 'Mpg+': 30.35}
✅ pass:         half
▶️  tree ------------------------------------------------------------
[398]  {'Lbs-': 2970.4, 'Acc+': 15.6, 'Mpg+': 23.8}
|.. [199]
|.. |.. [99]
|.. |.. |.. [49]
|.. |.. |.. |.. [24]  {'Lbs-': 4521.2, 'Acc+': 13.0, 'Mpg+': 10.0}
|.. |.. |.. |.. [25]  {'Lbs-': 4096.2, 'Acc+': 12.2, 'Mpg+': 10.0}
|.. |.. |.. [50]
|.. |.. |.. |.. [25]  {'Lbs-': 3971.9, 'Acc+': 13.6, 'Mpg+': 18.4}
|.. |.. |.. |.. [25]  {'Lbs-': 3884.5, 'Acc+': 14.7, 'Mpg+': 20.0}
|.. |.. [100]
|.. |.. |.. [50]
|.. |.. |.. |.. [25]  {'Lbs-': 3319.0, 'Acc+': 15.1, 'Mpg+': 20.0}
|.. |.. |.. |.. [25]  {'Lbs-': 3279.9, 'Acc+': 16.0, 'Mpg+': 20.0}
|.. |.. |.. [50]
|.. |.. |.. |.. [25]  {'Lbs-': 3017.6, 'Acc+': 16.3, 'Mpg+': 20.0}
|.. |.. |.. |.. [25]  {'Lbs-': 2768.5, 'Acc+': 16.2, 'Mpg+': 20.0}
|.. [199]
|.. |.. [99]
|.. |.. |.. [49]
|.. |.. |.. |.. [24]  {'Lbs-': 2685.2, 'Acc+': 15.9, 'Mpg+': 20.0}
|.. |.. |.. |.. [25]  {'Lbs-': 2569.1, 'Acc+': 16.5, 'Mpg+': 27.6}
|.. |.. |.. [50]
|.. |.. |.. |.. [25]  {'Lbs-': 2401.2, 'Acc+': 16.6, 'Mpg+': 30.0}
|.. |.. |.. |.. [25]  {'Lbs-': 2440.6, 'Acc+': 16.5, 'Mpg+': 30.0}
|.. |.. [100]
|.. |.. |.. [50]
|.. |.. |.. |.. [25]  {'Lbs-': 2196.6, 'Acc+': 16.4, 'Mpg+': 30.0}
|.. |.. |.. |.. [25]  {'Lbs-': 2198.2, 'Acc+': 16.6, 'Mpg+': 30.0}
|.. |.. |.. [50]
|.. |.. |.. |.. [25]  {'Lbs-': 2118.3, 'Acc+': 15.6, 'Mpg+': 34.4}
|.. |.. |.. |.. [25]  {'Lbs-': 2109.4, 'Acc+': 17.8, 'Mpg+': 40.4}
✅ pass:         tree
▶️  sway ------------------------------------------------------------

all  {'Lbs-': 2970.42, 'Acc+': 15.57, 'Mpg+': 23.84}
     {'Lbs-': 846.84, 'Acc+': 2.76, 'Mpg+': 8.34}

best {'Lbs-': 2180.75, 'Acc+': 15.64, 'Mpg+': 30.0}
     {'Lbs-': 166.41, 'Acc+': 1.58, 'Mpg+': 0.0}

rest {'Lbs-': 3181.73, 'Acc+': 15.32, 'Mpg+': 21.87}
     {'Lbs-': 858.01, 'Acc+': 2.96, 'Mpg+': 7.9}
✅ pass:         sway
▶️  bins ------------------------------------------------------------
all    {'best': 12, 'rest': 48}

Clndrs -inf 4 0.056 {'rest': 2, 'best': 1}
Clndrs 4 inf 0.0 {'rest': 13}

Volume -inf 113 0.083 {'best': 2, 'rest': 8}
Volume 113 140 0.0 {'rest': 7}
Volume 140 151 0.067 {'best': 1, 'rest': 1}
Volume 151 inf 0.0 {'rest': 5}

Model -inf inf 0.037 {'rest': 5, 'best': 1}

origin 1 1 0.226 {'best': 6, 'rest': 29}
origin 2 2 0.02 {'best': 1, 'rest': 13}
origin 3 3 0.321 {'best': 5, 'rest': 6}
✅ pass:         bins
🔆 {'pass': 14, 'fail': 0, 'success': 100.0}