dump : False go : all seed : 937162211 file : ../../etc/data/auto93.csv Far : 0.95 help : False min : 0.5 p : 2 Sample : 512
✅ pass:         the
✅ pass:         sym
✅ pass:         num
✅ pass:         csv
✅ pass:         data
y mid {'Lbs-': 2970.42, 'Acc+': 15.57, 'Mpg+': 23.84}
  div {'Lbs-': 846.84, 'Acc+': 2.76, 'Mpg+': 8.34}
x mid {'Clndrs': 5.45, 'Volume': 193.43, 'Model': 76.01, 'origin': 1}
  div {'Clndrs': 1.7, 'Volume': 104.27, 'Model': 3.7, 'origin': 1.3273558482394003}
✅ pass:         stats
✅ pass:         clone
0 0 [8, 360, 215, 4615, 14, 70, 1, 10]
0 0.0 [8, 360, 215, 4615, 14, 70, 1, 10]
50 0.14 [8, 318, 150, 4237, 14.5, 73, 1, 10]
100 0.3 [6, 250, 100, 3336, 17, 74, 1, 20]
150 0.39 [6, 225, 100, 3630, 17.7, 77, 1, 20]
200 0.58 [4, 156, 105, 2745, 16.7, 78, 1, 20]
250 0.71 [4, 116, 90, 2123, 14, 71, 2, 30]
300 0.74 [4, 115, 95, 2694, 15, 75, 2, 20]
350 0.82 [4, 134, 90, 2711, 15.5, 80, 3, 30]
✅ pass:         around
200 198 398
[4, 90, 71, 2223, 16.5, 75, 2, 30] 0.6820450147798408
[6, 225, 95, 3264, 16, 75, 1, 20]
[8, 260, 110, 4060, 19, 77, 1, 20]
✅ pass:         half
398 {'Lbs-': 2970.4, 'Acc+': 15.6, 'Mpg+': 23.8}
| 200 
| | 101 
| | | 51 
| | | | 26 {'Lbs-': 3905.0, 'Acc+': 14.1, 'Mpg+': 20.0}
| | | | 25 {'Lbs-': 4111.8, 'Acc+': 13.8, 'Mpg+': 14.4}
| | | 50 
| | | | 26 {'Lbs-': 3802.3, 'Acc+': 15.0, 'Mpg+': 16.5}
| | | | 24 {'Lbs-': 3489.1, 'Acc+': 16.5, 'Mpg+': 19.6}
| | 99 
| | | 50 
| | | | 26 {'Lbs-': 3109.7, 'Acc+': 16.1, 'Mpg+': 21.2}
| | | | 24 {'Lbs-': 2895.3, 'Acc+': 15.6, 'Mpg+': 24.2}
| | | 49 
| | | | 25 {'Lbs-': 3830.0, 'Acc+': 13.4, 'Mpg+': 14.4}
| | | | 24 {'Lbs-': 3824.6, 'Acc+': 12.4, 'Mpg+': 17.1}
| 198 
| | 100 
| | | 51 
| | | | 26 {'Lbs-': 2399.3, 'Acc+': 15.9, 'Mpg+': 28.1}
| | | | 25 {'Lbs-': 2369.2, 'Acc+': 17.5, 'Mpg+': 30.8}
| | | 49 
| | | | 25 {'Lbs-': 2461.6, 'Acc+': 17.0, 'Mpg+': 26.8}
| | | | 24 {'Lbs-': 2111.1, 'Acc+': 16.5, 'Mpg+': 30.8}
| | 98 
| | | 50 
| | | | 26 {'Lbs-': 2209.7, 'Acc+': 16.6, 'Mpg+': 25.0}
| | | | 24 {'Lbs-': 2341.9, 'Acc+': 16.1, 'Mpg+': 26.3}
| | | 48 
| | | | 25 {'Lbs-': 2327.8, 'Acc+': 16.8, 'Mpg+': 34.4}
| | | | 23 {'Lbs-': 2250.2, 'Acc+': 15.7, 'Mpg+': 33.0}
✅ pass:         cluster
398 {'Lbs-': 2970.4, 'Acc+': 15.6, 'Mpg+': 23.8}
| 200 
| | 101 
| | | 50 
| | | | 26 {'Lbs-': 2948.0, 'Acc+': 16.4, 'Mpg+': 24.2}
✅ pass:         optimize