  ok ------------------------------------------------------------
✅ pass:  ok
▶️  sample ------------------------------------------------------------
 beaca
 ddddb
 adadd
 eadcb
 eacaa
 aeadb
 daebd
 debcb
 bdcad
 eabca
✅ pass:  sample
▶️  nums ------------------------------------------------------------
 10 5.5 3.0276503540974917
✅ pass:  nums
▶️  gauss ------------------------------------------------------------
 10000 10.013090245127714 1.9708063718547493
✅ pass:  gauss
▶️  bootmu ------------------------------------------------------------
 mu sd cliffs boot both
 -- -- ------ ---- ----
 10.0 1 False False False
 10.1 1 False False False
 10.2 1 False False False
 10.3 1 True False False
 10.4 1 True False False
 10.5 1 True False False
 10.6 1 True False False
 10.7 1 True False False
 10.8 1 True False False
 10.9 1 True False False
 11.0 1 True False False
✅ pass:  bootmu
▶️  basic ------------------------------------------------------------
                truee False False
                false False True
                false False True
✅ pass:  basic
▶️  pre ------------------------------------------------------------

eg3
         1 True False False
         1.05 True False False
         1.1 True False False
         1.1500000000000001 True False False
         1.2000000000000002 True False False
         1.2500000000000002 True False False
         1.3000000000000003 True False False
         1.3500000000000003 True False False
         1.4000000000000004 True False False
         1.4500000000000004 True False False
✅ pass:  pre
▶️  five ------------------------------------------------------------
rx5 1          *          |                   -------------['0.10', '0.20', '0.30', '0.30', '0.40']
rx3 2             *       |                   ----------['0.15', '0.25', '0.35', '0.35', '0.40']
rx1 3                     *                   --------------['0.34', '0.49', '0.51', '0.51', '0.60']
rx4 4                     |              *    ------------['0.60', '0.70', '0.80', '0.80', '0.90']
rx2 4                     |              *    ------------['0.60', '0.70', '0.80', '0.80', '0.90']
✅ pass:  five
▶️  six ------------------------------------------------------------
rx1 1                     *                   --------------------------------['99.00', '99.50', '100.00', '100.00', '101.00']rx3 2                     *                   --------------------------------['99.00', '99.50', '100.00', '100.00', '101.00']rx4 3                     *                   --['99.00', '99.00', '100.00', '101.00', '101.00']
rx2 4                     *                   --['99.00', '99.00', '100.00', '101.00', '101.00']
✅ pass:  six
▶️  tiles ------------------------------------------------------------
 rx10    *                |                   ---['8.74', '9.49', '9.95', '10.51', '11.33']
 rx6    *                |                   ---['8.76', '9.48', '9.95', '10.51', '11.34']
 rx1    *                |                   ---['8.64', '9.48', '9.99', '10.55', '11.41']
 rx2    *                |                   ---['8.90', '9.65', '10.13', '10.62', '11.32']
 rx3             *       |                   ---['18.76', '19.50', '20.03', '20.57', '21.37']
 rx9                     |         *         ------['36.15', '38.28', '39.98', '41.61', '43.67']
 rx7    *                |                   ---['8.78', '9.45', '10.01', '10.56', '11.36']
 rx5                     |*                  ---['28.77', '29.55', '30.10', '30.66', '31.36']
 rx4                     |*                  ---['28.88', '29.51', '30.05', '30.54', '31.32']
 rx8                     |         *         ---['38.77', '39.52', '40.05', '40.53', '41.37']
✅ pass:  tiles
▶️  sk ------------------------------------------------------------
1 rx1   *                 |                   ----['8.67', '9.45', '9.98', '10.51', '11.31']
2 rx10   *                 |                   ----['8.68', '9.46', '9.99', '10.57', '11.34']
3 rx7   *                 |                   ----['8.66', '9.51', '10.00', '10.53', '11.22']
4 rx6   *                 |                   ----['8.71', '9.50', '10.09', '10.59', '11.32']
5 rx2   *                 |                   ----['8.83', '9.57', '10.10', '10.64', '11.41']
6 rx3             *       |                   ---['18.70', '19.44', '19.96', '20.46', '21.29']
7 rx8                     |          *        ---['38.72', '39.50', '40.02', '40.55', '41.26']
8 rx5                     |*                  ----['28.88', '29.55', '30.10', '30.64', '31.40']
9 rx4                     |*                  ----['28.70', '29.47', '30.05', '30.57', '31.34']
10 rx9                     |          *        ------['36.15', '38.55', '40.08', '41.73', '43.86']
✅ pass:  sk
🔆 {'pass': 11, 'fail': 0, 'success': 100.0}
